
 ||  ||  
 \()// 
//(__)\
||    ||
Trainable Parameters = 4995082 / 4995082
Start Training 🧠..., 2025-08-14 18:44:33,610
Epoch 1/50: 100%|██████████████████████████████| 157/157 [00:33<00:00,  4.68it/s, train_f1_score=0.164, train_loss=2.22, val_f1_score=0.216, val_loss=2.07], 2025-08-14 18:45:07,167
Epoch 2/50: 100%|██████████████████████████████| 157/157 [00:33<00:00,  4.72it/s, train_f1_score=0.201, train_loss=2.09, val_f1_score=0.223, val_loss=2.05], 2025-08-14 18:45:40,450
Epoch 3/50: 100%|██████████████████████████████| 157/157 [00:33<00:00,  4.73it/s, train_f1_score=0.232, train_loss=2.05, val_f1_score=0.227, val_loss=2.03], 2025-08-14 18:46:13,647
Epoch 4/50: 100%|██████████████████████████████| 157/157 [00:33<00:00,  4.72it/s, train_f1_score=0.245, train_loss=2.02, val_f1_score=0.234, val_loss=2.03], 2025-08-14 18:46:46,875
Epoch 5/50: 100%|███████████████████████████████| 157/157 [00:33<00:00,  4.66it/s, train_f1_score=0.25, train_loss=2.01, val_f1_score=0.284, val_loss=1.96], 2025-08-14 18:47:20,599
Epoch 6/50: 100%|██████████████████████████████| 157/157 [00:34<00:00,  4.50it/s, train_f1_score=0.263, train_loss=1.98, val_f1_score=0.281, val_loss=1.95], 2025-08-14 18:47:55,526
Epoch 7/50: 100%|██████████████████████████████| 157/157 [00:35<00:00,  4.44it/s, train_f1_score=0.289, train_loss=1.94, val_f1_score=0.296, val_loss=1.92], 2025-08-14 18:48:30,900
Epoch 8/50: 100%|███████████████████████████████| 157/157 [00:34<00:00,  4.59it/s, train_f1_score=0.283, train_loss=1.92, val_f1_score=0.303, val_loss=1.9], 2025-08-14 18:49:05,124
Epoch 9/50: 100%|██████████████████████████████| 157/157 [00:33<00:00,  4.64it/s, train_f1_score=0.286, train_loss=1.91, val_f1_score=0.321, val_loss=1.85], 2025-08-14 18:49:38,989
Epoch 10/50: 100%|█████████████████████████████| 157/157 [00:35<00:00,  4.45it/s, train_f1_score=0.311, train_loss=1.87, val_f1_score=0.315, val_loss=1.85], 2025-08-14 18:50:14,305
Epoch 11/50: 100%|█████████████████████████████| 157/157 [00:33<00:00,  4.70it/s, train_f1_score=0.328, train_loss=1.84, val_f1_score=0.315, val_loss=1.85], 2025-08-14 18:50:47,688
Epoch 12/50: 100%|██████████████████████████████| 157/157 [00:33<00:00,  4.62it/s, train_f1_score=0.335, train_loss=1.83, val_f1_score=0.341, val_loss=1.8], 2025-08-14 18:51:21,686
Epoch 13/50: 100%|█████████████████████████████| 157/157 [00:34<00:00,  4.61it/s, train_f1_score=0.337, train_loss=1.82, val_f1_score=0.348, val_loss=1.79], 2025-08-14 18:51:55,775
Epoch 14/50: 100%|███████████████████████████████| 157/157 [00:34<00:00,  4.58it/s, train_f1_score=0.33, train_loss=1.8, val_f1_score=0.338, val_loss=1.81], 2025-08-14 18:52:30,059
Epoch 15/50: 100%|██████████████████████████████| 157/157 [00:35<00:00,  4.48it/s, train_f1_score=0.352, train_loss=1.76, val_f1_score=0.343, val_loss=1.8], 2025-08-14 18:53:05,120
Epoch 16/50: 100%|█████████████████████████████| 157/157 [00:35<00:00,  4.47it/s, train_f1_score=0.358, train_loss=1.76, val_f1_score=0.354, val_loss=1.77], 2025-08-14 18:53:40,209
Epoch 17/50: 100%|█████████████████████████████| 157/157 [00:34<00:00,  4.60it/s, train_f1_score=0.356, train_loss=1.74, val_f1_score=0.363, val_loss=1.75], 2025-08-14 18:54:14,363
Epoch 18/50: 100%|█████████████████████████████| 157/157 [00:34<00:00,  4.54it/s, train_f1_score=0.359, train_loss=1.74, val_f1_score=0.361, val_loss=1.75], 2025-08-14 18:54:48,982
Epoch 19/50: 100%|█████████████████████████████| 157/157 [00:34<00:00,  4.57it/s, train_f1_score=0.375, train_loss=1.71, val_f1_score=0.372, val_loss=1.74], 2025-08-14 18:55:23,312
Epoch 20/50: 100%|█████████████████████████████| 157/157 [00:35<00:00,  4.39it/s, train_f1_score=0.364, train_loss=1.73, val_f1_score=0.359, val_loss=1.75], 2025-08-14 18:55:59,104
Epoch 21/50: 100%|█████████████████████████████| 157/157 [00:35<00:00,  4.48it/s, train_f1_score=0.367, train_loss=1.72, val_f1_score=0.369, val_loss=1.73], 2025-08-14 18:56:34,163
Epoch 22/50: 100%|██████████████████████████████| 157/157 [00:34<00:00,  4.51it/s, train_f1_score=0.384, train_loss=1.7, val_f1_score=0.379, val_loss=1.72], 2025-08-14 18:57:08,963
Epoch 23/50: 100%|█████████████████████████████| 157/157 [00:34<00:00,  4.56it/s, train_f1_score=0.381, train_loss=1.69, val_f1_score=0.379, val_loss=1.71], 2025-08-14 18:57:43,382
Epoch 24/50: 100%|█████████████████████████████| 157/157 [00:34<00:00,  4.56it/s, train_f1_score=0.385, train_loss=1.68, val_f1_score=0.375, val_loss=1.72], 2025-08-14 18:58:17,840
Epoch 25/50: 100%|██████████████████████████████| 157/157 [00:34<00:00,  4.49it/s, train_f1_score=0.39, train_loss=1.68, val_f1_score=0.388, val_loss=1.68], 2025-08-14 18:58:52,821
Epoch 26/50: 100%|█████████████████████████████| 157/157 [00:34<00:00,  4.56it/s, train_f1_score=0.393, train_loss=1.66, val_f1_score=0.376, val_loss=1.73], 2025-08-14 18:59:27,252
Epoch 27/50: 100%|█████████████████████████████| 157/157 [00:34<00:00,  4.53it/s, train_f1_score=0.396, train_loss=1.65, val_f1_score=0.362, val_loss=1.75], 2025-08-14 19:00:01,925
Epoch 28/50: 100%|█████████████████████████████| 157/157 [00:34<00:00,  4.50it/s, train_f1_score=0.397, train_loss=1.65, val_f1_score=0.401, val_loss=1.65], 2025-08-14 19:00:36,837
Epoch 29/50: 100%|█████████████████████████████| 157/157 [00:34<00:00,  4.53it/s, train_f1_score=0.406, train_loss=1.62, val_f1_score=0.392, val_loss=1.67], 2025-08-14 19:01:11,506
Epoch 30/50: 100%|██████████████████████████████| 157/157 [00:34<00:00,  4.59it/s, train_f1_score=0.396, train_loss=1.63, val_f1_score=0.39, val_loss=1.67], 2025-08-14 19:01:45,676
Epoch 31/50: 100%|█████████████████████████████| 157/157 [00:34<00:00,  4.59it/s, train_f1_score=0.415, train_loss=1.61, val_f1_score=0.384, val_loss=1.67], 2025-08-14 19:02:19,870
Epoch 32/50: 100%|██████████████████████████████| 157/157 [00:34<00:00,  4.60it/s, train_f1_score=0.402, train_loss=1.6, val_f1_score=0.408, val_loss=1.63], 2025-08-14 19:02:53,991
Epoch 33/50: 100%|█████████████████████████████| 157/157 [00:34<00:00,  4.57it/s, train_f1_score=0.419, train_loss=1.59, val_f1_score=0.401, val_loss=1.66], 2025-08-14 19:03:28,368
Epoch 34/50: 100%|█████████████████████████████| 157/157 [00:35<00:00,  4.43it/s, train_f1_score=0.417, train_loss=1.58, val_f1_score=0.414, val_loss=1.64], 2025-08-14 19:04:03,841
Epoch 35/50: 100%|█████████████████████████████| 157/157 [00:35<00:00,  4.39it/s, train_f1_score=0.416, train_loss=1.58, val_f1_score=0.391, val_loss=1.71], 2025-08-14 19:04:39,574
Epoch 36/50: 100%|█████████████████████████████| 157/157 [00:34<00:00,  4.54it/s, train_f1_score=0.417, train_loss=1.57, val_f1_score=0.405, val_loss=1.64], 2025-08-14 19:05:14,126
Epoch 37/50: 100%|█████████████████████████████| 157/157 [00:36<00:00,  4.27it/s, train_f1_score=0.425, train_loss=1.57, val_f1_score=0.402, val_loss=1.66], 2025-08-14 19:05:50,928
Epoch 38/50: 100%|███████████████████████████████| 157/157 [00:34<00:00,  4.52it/s, train_f1_score=0.433, train_loss=1.55, val_f1_score=0.4, val_loss=1.66], 2025-08-14 19:06:25,683
Epoch 39/50: 100%|█████████████████████████████| 157/157 [00:34<00:00,  4.54it/s, train_f1_score=0.432, train_loss=1.55, val_f1_score=0.386, val_loss=1.68], 2025-08-14 19:07:00,234
Epoch 40/50: 100%|█████████████████████████████| 157/157 [00:34<00:00,  4.51it/s, train_f1_score=0.436, train_loss=1.55, val_f1_score=0.414, val_loss=1.62], 2025-08-14 19:07:35,059
Epoch 41/50: 100%|█████████████████████████████| 157/157 [00:35<00:00,  4.39it/s, train_f1_score=0.438, train_loss=1.54, val_f1_score=0.418, val_loss=1.61], 2025-08-14 19:08:10,820
Epoch 42/50: 100%|█████████████████████████████| 157/157 [00:35<00:00,  4.43it/s, train_f1_score=0.441, train_loss=1.53, val_f1_score=0.401, val_loss=1.66], 2025-08-14 19:08:46,299
Epoch 43/50: 100%|█████████████████████████████| 157/157 [00:34<00:00,  4.53it/s, train_f1_score=0.445, train_loss=1.52, val_f1_score=0.412, val_loss=1.63], 2025-08-14 19:09:20,963
Epoch 44/50: 100%|██████████████████████████████| 157/157 [00:34<00:00,  4.51it/s, train_f1_score=0.44, train_loss=1.54, val_f1_score=0.415, val_loss=1.62], 2025-08-14 19:09:55,751
Epoch 45/50: 100%|█████████████████████████████| 157/157 [00:34<00:00,  4.50it/s, train_f1_score=0.447, train_loss=1.51, val_f1_score=0.416, val_loss=1.61], 2025-08-14 19:10:30,643
Epoch 46/50: 100%|█████████████████████████████| 157/157 [00:35<00:00,  4.43it/s, train_f1_score=0.456, train_loss=1.51, val_f1_score=0.395, val_loss=1.66], 2025-08-14 19:11:06,057
Epoch 47/50: 100%|██████████████████████████████| 157/157 [00:36<00:00,  4.30it/s, train_f1_score=0.459, train_loss=1.5, val_f1_score=0.402, val_loss=1.65], 2025-08-14 19:11:42,577
Epoch 48/50: 100%|██████████████████████████████| 157/157 [00:34<00:00,  4.55it/s, train_f1_score=0.447, train_loss=1.51, val_f1_score=0.424, val_loss=1.6], 2025-08-14 19:12:17,071
Epoch 49/50: 100%|██████████████████████████████| 157/157 [00:35<00:00,  4.39it/s, train_f1_score=0.457, train_loss=1.49, val_f1_score=0.43, val_loss=1.59], 2025-08-14 19:12:52,869
Epoch 50/50: 100%|██████████████████████████████| 157/157 [00:35<00:00,  4.48it/s, train_f1_score=0.464, train_loss=1.47, val_f1_score=0.42, val_loss=1.65], 2025-08-14 19:13:27,929

 ||  ||  
 \()// 
//(__)\
||    ||
device = cpu
Trainable Parameters = 4995082 / 4995082
Start Training 🧠..., 2025-08-14 21:40:54,265
Epoch 1/300: 100%|██████████████████████████████| 1563/1563 [03:27<00:00,  7.52it/s, train_f1_score=0.252, train_loss=2, val_f1_score=0.328, val_loss=1.84], 2025-08-14 21:44:22,113

 ||  ||  
 \()// 
//(__)\
||    ||
device = cpu
Trainable Parameters = 4995082 / 4995082
Start Training 🧠..., 2025-08-14 21:46:07,288
Epoch 1/100: 100%|███████████████████████████| 1563/1563 [03:23<00:00,  7.68it/s, train_f1_score=0.257, train_loss=1.99, val_f1_score=0.272, val_loss=2.01], 2025-08-14 21:49:30,743
Epoch 2/100: 100%|███████████████████████████| 1563/1563 [03:29<00:00,  7.47it/s, train_f1_score=0.331, train_loss=1.81, val_f1_score=0.377, val_loss=1.72], 2025-08-14 21:52:59,843
Epoch 3/100: 100%|███████████████████████████| 1563/1563 [03:28<00:00,  7.50it/s, train_f1_score=0.374, train_loss=1.72, val_f1_score=0.402, val_loss=1.65], 2025-08-14 21:56:28,206
Epoch 4/100: 100%|███████████████████████████| 1563/1563 [03:28<00:00,  7.48it/s, train_f1_score=0.396, train_loss=1.67, val_f1_score=0.409, val_loss=1.63], 2025-08-14 21:59:57,068
Epoch 5/100: 100%|███████████████████████████| 1563/1563 [03:28<00:00,  7.49it/s, train_f1_score=0.411, train_loss=1.63, val_f1_score=0.393, val_loss=1.68], 2025-08-14 22:03:25,787
Epoch 6/100: 100%|█████████████████████████████| 1563/1563 [03:30<00:00,  7.41it/s, train_f1_score=0.417, train_loss=1.6, val_f1_score=0.43, val_loss=1.56], 2025-08-14 22:06:56,711
Epoch 7/100: 100%|███████████████████████████| 1563/1563 [03:28<00:00,  7.49it/s, train_f1_score=0.425, train_loss=1.58, val_f1_score=0.436, val_loss=1.55], 2025-08-14 22:10:25,292
Epoch 8/100: 100%|███████████████████████████| 1563/1563 [03:28<00:00,  7.48it/s, train_f1_score=0.439, train_loss=1.55, val_f1_score=0.446, val_loss=1.52], 2025-08-14 22:13:54,185
Epoch 9/100: 100%|███████████████████████████| 1563/1563 [03:30<00:00,  7.44it/s, train_f1_score=0.444, train_loss=1.54, val_f1_score=0.442, val_loss=1.55], 2025-08-14 22:17:24,278
Epoch 10/100: 100%|██████████████████████████| 1563/1563 [03:33<00:00,  7.32it/s, train_f1_score=0.445, train_loss=1.53, val_f1_score=0.445, val_loss=1.54], 2025-08-14 22:20:57,729
Epoch 11/100: 100%|██████████████████████████| 1563/1563 [03:30<00:00,  7.42it/s, train_f1_score=0.451, train_loss=1.52, val_f1_score=0.454, val_loss=1.52], 2025-08-14 22:24:28,323
Epoch 12/100: 100%|████████████████████████████| 1563/1563 [03:40<00:00,  7.10it/s, train_f1_score=0.454, train_loss=1.51, val_f1_score=0.46, val_loss=1.5], 2025-08-14 22:28:08,432
Epoch 13/100: 100%|███████████████████████████| 1563/1563 [03:31<00:00,  7.40it/s, train_f1_score=0.457, train_loss=1.5, val_f1_score=0.459, val_loss=1.51], 2025-08-14 22:31:39,634
Epoch 14/100: 100%|███████████████████████████| 1563/1563 [03:31<00:00,  7.40it/s, train_f1_score=0.457, train_loss=1.5, val_f1_score=0.448, val_loss=1.52], 2025-08-14 22:35:10,928
Epoch 15/100: 100%|██████████████████████████| 1563/1563 [03:30<00:00,  7.44it/s, train_f1_score=0.464, train_loss=1.49, val_f1_score=0.465, val_loss=1.49], 2025-08-14 22:38:41,023
Epoch 16/100: 100%|██████████████████████████| 1563/1563 [03:34<00:00,  7.29it/s, train_f1_score=0.465, train_loss=1.49, val_f1_score=0.477, val_loss=1.46], 2025-08-14 22:42:15,411
Epoch 17/100: 100%|███████████████████████████| 1563/1563 [03:35<00:00,  7.26it/s, train_f1_score=0.47, train_loss=1.47, val_f1_score=0.472, val_loss=1.47], 2025-08-14 22:45:50,578
Epoch 18/100: 100%|███████████████████████████| 1563/1563 [03:33<00:00,  7.31it/s, train_f1_score=0.47, train_loss=1.47, val_f1_score=0.464, val_loss=1.49], 2025-08-14 22:49:24,375
Epoch 19/100: 100%|██████████████████████████| 1563/1563 [03:34<00:00,  7.29it/s, train_f1_score=0.469, train_loss=1.47, val_f1_score=0.468, val_loss=1.47], 2025-08-14 22:52:58,640
Epoch 20/100: 100%|██████████████████████████| 1563/1563 [03:44<00:00,  6.97it/s, train_f1_score=0.473, train_loss=1.46, val_f1_score=0.477, val_loss=1.46], 2025-08-14 22:56:42,975
Epoch 21/100: 100%|██████████████████████████| 1563/1563 [03:47<00:00,  6.87it/s, train_f1_score=0.476, train_loss=1.46, val_f1_score=0.483, val_loss=1.44], 2025-08-14 23:00:30,562
Epoch 22/100: 100%|██████████████████████████| 1563/1563 [03:38<00:00,  7.15it/s, train_f1_score=0.477, train_loss=1.45, val_f1_score=0.466, val_loss=1.49], 2025-08-14 23:04:09,229
Epoch 23/100: 100%|██████████████████████████| 1563/1563 [03:34<00:00,  7.29it/s, train_f1_score=0.481, train_loss=1.45, val_f1_score=0.476, val_loss=1.48], 2025-08-14 23:07:43,723
Epoch 24/100: 100%|██████████████████████████| 1563/1563 [03:46<00:00,  6.89it/s, train_f1_score=0.478, train_loss=1.45, val_f1_score=0.487, val_loss=1.43], 2025-08-14 23:11:30,493
Epoch 25/100: 100%|██████████████████████████| 1563/1563 [03:55<00:00,  6.63it/s, train_f1_score=0.479, train_loss=1.45, val_f1_score=0.486, val_loss=1.44], 2025-08-14 23:15:26,159
Epoch 26/100: 100%|██████████████████████████| 1563/1563 [03:49<00:00,  6.81it/s, train_f1_score=0.481, train_loss=1.44, val_f1_score=0.485, val_loss=1.44], 2025-08-14 23:19:15,570
Epoch 27/100: 100%|██████████████████████████| 1563/1563 [04:01<00:00,  6.48it/s, train_f1_score=0.483, train_loss=1.43, val_f1_score=0.459, val_loss=1.51], 2025-08-14 23:23:16,669
Epoch 28/100: 100%|██████████████████████████| 1563/1563 [03:56<00:00,  6.62it/s, train_f1_score=0.486, train_loss=1.43, val_f1_score=0.489, val_loss=1.43], 2025-08-14 23:27:12,758
Epoch 29/100: 100%|███████████████████████████| 1563/1563 [03:58<00:00,  6.55it/s, train_f1_score=0.487, train_loss=1.42, val_f1_score=0.48, val_loss=1.44], 2025-08-14 23:31:11,381
Epoch 30/100: 100%|██████████████████████████| 1563/1563 [03:32<00:00,  7.37it/s, train_f1_score=0.486, train_loss=1.43, val_f1_score=0.499, val_loss=1.41], 2025-08-14 23:34:43,455
Epoch 31/100: 100%|██████████████████████████| 1563/1563 [03:40<00:00,  7.09it/s, train_f1_score=0.491, train_loss=1.41, val_f1_score=0.479, val_loss=1.45], 2025-08-14 23:38:23,912
Epoch 32/100: 100%|██████████████████████████| 1563/1563 [04:00<00:00,  6.51it/s, train_f1_score=0.492, train_loss=1.41, val_f1_score=0.481, val_loss=1.45], 2025-08-14 23:42:24,177
Epoch 33/100: 100%|██████████████████████████| 1563/1563 [03:58<00:00,  6.56it/s, train_f1_score=0.488, train_loss=1.42, val_f1_score=0.485, val_loss=1.43], 2025-08-14 23:46:22,416
Epoch 34/100: 100%|███████████████████████████| 1563/1563 [03:52<00:00,  6.73it/s, train_f1_score=0.49, train_loss=1.42, val_f1_score=0.496, val_loss=1.41], 2025-08-14 23:50:14,490
Epoch 35/100: 100%|██████████████████████████| 1563/1563 [03:57<00:00,  6.59it/s, train_f1_score=0.491, train_loss=1.41, val_f1_score=0.485, val_loss=1.43], 2025-08-14 23:54:11,560
Epoch 36/100: 100%|███████████████████████████| 1563/1563 [03:57<00:00,  6.58it/s, train_f1_score=0.494, train_loss=1.4, val_f1_score=0.493, val_loss=1.43], 2025-08-14 23:58:08,990
Epoch 37/100: 100%|██████████████████████████| 1563/1563 [03:55<00:00,  6.63it/s, train_f1_score=0.494, train_loss=1.41, val_f1_score=0.495, val_loss=1.41], 2025-08-15 00:02:04,717
Epoch 38/100: 100%|████████████████████████████| 1563/1563 [03:58<00:00,  6.55it/s, train_f1_score=0.5, train_loss=1.39, val_f1_score=0.495, val_loss=1.41], 2025-08-15 00:06:03,187
Epoch 39/100: 100%|█████████████████████████████| 1563/1563 [03:57<00:00,  6.59it/s, train_f1_score=0.5, train_loss=1.4, val_f1_score=0.497, val_loss=1.42], 2025-08-15 00:10:00,221
Epoch 40/100: 100%|████████████████████████████| 1563/1563 [03:45<00:00,  6.94it/s, train_f1_score=0.5, train_loss=1.39, val_f1_score=0.484, val_loss=1.43], 2025-08-15 00:13:45,472
Epoch 41/100: 100%|█████████████████████████████| 1563/1563 [03:36<00:00,  7.23it/s, train_f1_score=0.5, train_loss=1.39, val_f1_score=0.49, val_loss=1.41], 2025-08-15 00:17:21,635
Epoch 42/100: 100%|██████████████████████████| 1563/1563 [03:38<00:00,  7.16it/s, train_f1_score=0.502, train_loss=1.38, val_f1_score=0.503, val_loss=1.39], 2025-08-15 00:20:59,968
Epoch 43/100: 100%|██████████████████████████| 1563/1563 [03:36<00:00,  7.23it/s, train_f1_score=0.504, train_loss=1.37, val_f1_score=0.514, val_loss=1.38], 2025-08-15 00:24:36,070
Epoch 44/100: 100%|██████████████████████████| 1563/1563 [03:37<00:00,  7.19it/s, train_f1_score=0.506, train_loss=1.37, val_f1_score=0.492, val_loss=1.41], 2025-08-15 00:28:13,560
Epoch 45/100: 100%|██████████████████████████| 1563/1563 [03:36<00:00,  7.23it/s, train_f1_score=0.504, train_loss=1.38, val_f1_score=0.493, val_loss=1.42], 2025-08-15 00:31:49,631
Epoch 46/100: 100%|██████████████████████████| 1563/1563 [03:34<00:00,  7.28it/s, train_f1_score=0.507, train_loss=1.38, val_f1_score=0.508, val_loss=1.38], 2025-08-15 00:35:24,337
Epoch 47/100: 100%|██████████████████████████| 1563/1563 [03:37<00:00,  7.17it/s, train_f1_score=0.511, train_loss=1.37, val_f1_score=0.506, val_loss=1.38], 2025-08-15 00:39:02,279
Epoch 48/100: 100%|██████████████████████████| 1563/1563 [03:37<00:00,  7.20it/s, train_f1_score=0.512, train_loss=1.36, val_f1_score=0.503, val_loss=1.38], 2025-08-15 00:42:39,412
Epoch 49/100: 100%|████████████████████████████| 1563/1563 [03:34<00:00,  7.27it/s, train_f1_score=0.51, train_loss=1.35, val_f1_score=0.498, val_loss=1.4], 2025-08-15 00:46:14,325
Epoch 50/100: 100%|██████████████████████████| 1563/1563 [03:37<00:00,  7.18it/s, train_f1_score=0.511, train_loss=1.36, val_f1_score=0.511, val_loss=1.36], 2025-08-15 00:49:52,065
Epoch 51/100: 100%|███████████████████████████| 1563/1563 [03:37<00:00,  7.20it/s, train_f1_score=0.513, train_loss=1.35, val_f1_score=0.52, val_loss=1.36], 2025-08-15 00:53:29,129
Epoch 52/100: 100%|██████████████████████████| 1563/1563 [03:35<00:00,  7.24it/s, train_f1_score=0.517, train_loss=1.35, val_f1_score=0.513, val_loss=1.35], 2025-08-15 00:57:04,964
Epoch 53/100: 100%|██████████████████████████| 1563/1563 [03:37<00:00,  7.17it/s, train_f1_score=0.517, train_loss=1.34, val_f1_score=0.502, val_loss=1.37], 2025-08-15 01:00:42,835
Epoch 54/100: 100%|███████████████████████████| 1563/1563 [03:36<00:00,  7.20it/s, train_f1_score=0.52, train_loss=1.34, val_f1_score=0.493, val_loss=1.42], 2025-08-15 01:04:19,833
Epoch 55/100: 100%|██████████████████████████| 1563/1563 [03:40<00:00,  7.08it/s, train_f1_score=0.518, train_loss=1.34, val_f1_score=0.509, val_loss=1.37], 2025-08-15 01:08:00,451
Epoch 56/100: 100%|███████████████████████████| 1563/1563 [03:40<00:00,  7.09it/s, train_f1_score=0.522, train_loss=1.33, val_f1_score=0.52, val_loss=1.35], 2025-08-15 01:11:41,022
Epoch 57/100: 100%|███████████████████████████| 1563/1563 [03:38<00:00,  7.14it/s, train_f1_score=0.522, train_loss=1.33, val_f1_score=0.51, val_loss=1.36], 2025-08-15 01:15:20,000
Epoch 58/100: 100%|██████████████████████████| 1563/1563 [03:38<00:00,  7.15it/s, train_f1_score=0.521, train_loss=1.33, val_f1_score=0.504, val_loss=1.39], 2025-08-15 01:18:58,727
Epoch 59/100: 100%|███████████████████████████| 1563/1563 [03:40<00:00,  7.09it/s, train_f1_score=0.525, train_loss=1.32, val_f1_score=0.51, val_loss=1.36], 2025-08-15 01:22:39,060
Epoch 60/100: 100%|██████████████████████████| 1563/1563 [03:39<00:00,  7.13it/s, train_f1_score=0.528, train_loss=1.32, val_f1_score=0.526, val_loss=1.35], 2025-08-15 01:26:18,398
Epoch 61/100: 100%|██████████████████████████| 1563/1563 [03:39<00:00,  7.11it/s, train_f1_score=0.527, train_loss=1.32, val_f1_score=0.521, val_loss=1.33], 2025-08-15 01:29:58,383
Epoch 62/100: 100%|███████████████████████████| 1563/1563 [03:38<00:00,  7.15it/s, train_f1_score=0.528, train_loss=1.32, val_f1_score=0.51, val_loss=1.37], 2025-08-15 01:33:37,098
Epoch 63/100: 100%|███████████████████████████| 1563/1563 [03:38<00:00,  7.14it/s, train_f1_score=0.53, train_loss=1.31, val_f1_score=0.506, val_loss=1.37], 2025-08-15 01:37:15,981
Epoch 64/100: 100%|██████████████████████████| 1563/1563 [04:30<00:00,  5.78it/s, train_f1_score=0.529, train_loss=1.31, val_f1_score=0.521, val_loss=1.32], 2025-08-15 01:41:46,211
Epoch 65/100: 100%|███████████████████████████| 1563/1563 [07:48<00:00,  3.34it/s, train_f1_score=0.534, train_loss=1.3, val_f1_score=0.538, val_loss=1.31], 2025-08-15 01:49:34,255
Epoch 66/100: 100%|█████████████████████████| 1563/1563 [6:23:43<00:00, 14.73s/it, train_f1_score=0.532, train_loss=1.3, val_f1_score=0.519, val_loss=1.34], 2025-08-15 08:13:18,189
Epoch 67/100: 100%|████████████████████████████| 1563/1563 [05:29<00:00,  4.75it/s, train_f1_score=0.534, train_loss=1.3, val_f1_score=0.52, val_loss=1.34], 2025-08-15 08:18:47,211
Epoch 68/100: 100%|███████████████████████████| 1563/1563 [03:35<00:00,  7.24it/s, train_f1_score=0.535, train_loss=1.3, val_f1_score=0.523, val_loss=1.34], 2025-08-15 08:22:23,098
Epoch 69/100: 100%|██████████████████████████| 1563/1563 [03:38<00:00,  7.16it/s, train_f1_score=0.539, train_loss=1.29, val_f1_score=0.529, val_loss=1.31], 2025-08-15 08:26:01,304
Epoch 70/100: 100%|███████████████████████████| 1563/1563 [03:36<00:00,  7.23it/s, train_f1_score=0.54, train_loss=1.29, val_f1_score=0.532, val_loss=1.32], 2025-08-15 08:29:37,445
Epoch 71/100: 100%|██████████████████████████| 1563/1563 [03:35<00:00,  7.26it/s, train_f1_score=0.542, train_loss=1.28, val_f1_score=0.513, val_loss=1.37], 2025-08-15 08:33:12,742
Epoch 72/100: 100%|██████████████████████████| 1563/1563 [03:44<00:00,  6.95it/s, train_f1_score=0.541, train_loss=1.28, val_f1_score=0.525, val_loss=1.33], 2025-08-15 08:36:57,496
Epoch 73/100: 100%|██████████████████████████| 1563/1563 [04:02<00:00,  6.45it/s, train_f1_score=0.545, train_loss=1.28, val_f1_score=0.524, val_loss=1.33], 2025-08-15 08:40:59,680
Epoch 74/100: 100%|██████████████████████████| 1563/1563 [03:57<00:00,  6.59it/s, train_f1_score=0.543, train_loss=1.27, val_f1_score=0.534, val_loss=1.31], 2025-08-15 08:44:57,023
Epoch 75/100: 100%|███████████████████████████| 1563/1563 [04:06<00:00,  6.35it/s, train_f1_score=0.544, train_loss=1.27, val_f1_score=0.54, val_loss=1.31], 2025-08-15 08:49:03,295
Epoch 76/100: 100%|████████████████████████████| 1563/1563 [03:55<00:00,  6.64it/s, train_f1_score=0.54, train_loss=1.28, val_f1_score=0.53, val_loss=1.31], 2025-08-15 08:52:58,655
Epoch 77/100: 100%|███████████████████████████| 1563/1563 [04:09<00:00,  6.26it/s, train_f1_score=0.543, train_loss=1.28, val_f1_score=0.537, val_loss=1.3], 2025-08-15 08:57:08,302
Epoch 78/100: 100%|███████████████████████████| 1563/1563 [04:10<00:00,  6.25it/s, train_f1_score=0.545, train_loss=1.27, val_f1_score=0.54, val_loss=1.28], 2025-08-15 09:01:18,558
Epoch 79/100: 100%|███████████████████████████| 1563/1563 [05:03<00:00,  5.15it/s, train_f1_score=0.548, train_loss=1.26, val_f1_score=0.541, val_loss=1.3], 2025-08-15 09:06:22,030
Epoch 80/100: 100%|██████████████████████████| 1563/1563 [04:40<00:00,  5.58it/s, train_f1_score=0.551, train_loss=1.26, val_f1_score=0.526, val_loss=1.32], 2025-08-15 09:11:02,264
Epoch 81/100: 100%|██████████████████████████| 1563/1563 [04:34<00:00,  5.70it/s, train_f1_score=0.549, train_loss=1.26, val_f1_score=0.538, val_loss=1.29], 2025-08-15 09:15:36,601
Epoch 82/100: 100%|███████████████████████████| 1563/1563 [04:26<00:00,  5.86it/s, train_f1_score=0.55, train_loss=1.26, val_f1_score=0.547, val_loss=1.28], 2025-08-15 09:20:03,537
Epoch 83/100: 100%|███████████████████████████| 1563/1563 [04:30<00:00,  5.78it/s, train_f1_score=0.55, train_loss=1.25, val_f1_score=0.549, val_loss=1.28], 2025-08-15 09:24:34,133
Epoch 84/100: 100%|███████████████████████████| 1563/1563 [04:36<00:00,  5.65it/s, train_f1_score=0.549, train_loss=1.26, val_f1_score=0.533, val_loss=1.3], 2025-08-15 09:29:11,014
Epoch 85/100: 100%|██████████████████████████| 1563/1563 [04:23<00:00,  5.94it/s, train_f1_score=0.555, train_loss=1.25, val_f1_score=0.531, val_loss=1.29], 2025-08-15 09:33:34,294
Epoch 86/100: 100%|██████████████████████████| 1563/1563 [04:40<00:00,  5.57it/s, train_f1_score=0.554, train_loss=1.25, val_f1_score=0.546, val_loss=1.28], 2025-08-15 09:38:14,779
Epoch 87/100: 100%|██████████████████████████| 1563/1563 [04:37<00:00,  5.64it/s, train_f1_score=0.553, train_loss=1.25, val_f1_score=0.549, val_loss=1.27], 2025-08-15 09:42:51,919
Epoch 88/100: 100%|███████████████████████████| 1563/1563 [05:17<00:00,  4.92it/s, train_f1_score=0.556, train_loss=1.25, val_f1_score=0.537, val_loss=1.3], 2025-08-15 09:48:09,608
Epoch 89/100: 100%|██████████████████████████| 1563/1563 [04:48<00:00,  5.41it/s, train_f1_score=0.555, train_loss=1.24, val_f1_score=0.542, val_loss=1.28], 2025-08-15 09:52:58,375
Epoch 90/100: 100%|██████████████████████████| 1563/1563 [04:44<00:00,  5.49it/s, train_f1_score=0.554, train_loss=1.24, val_f1_score=0.538, val_loss=1.28], 2025-08-15 09:57:42,873
Epoch 91/100: 100%|██████████████████████████| 1563/1563 [04:03<00:00,  6.42it/s, train_f1_score=0.557, train_loss=1.23, val_f1_score=0.544, val_loss=1.28], 2025-08-15 10:01:46,162
Epoch 92/100: 100%|██████████████████████████| 1563/1563 [03:55<00:00,  6.62it/s, train_f1_score=0.561, train_loss=1.23, val_f1_score=0.543, val_loss=1.28], 2025-08-15 10:05:42,141
Epoch 93/100: 100%|██████████████████████████| 1563/1563 [03:44<00:00,  6.96it/s, train_f1_score=0.557, train_loss=1.24, val_f1_score=0.545, val_loss=1.28], 2025-08-15 10:09:26,799
Epoch 94/100: 100%|████████████████████████████| 1563/1563 [03:44<00:00,  6.95it/s, train_f1_score=0.56, train_loss=1.23, val_f1_score=0.54, val_loss=1.28], 2025-08-15 10:13:11,787
Epoch 95/100: 100%|███████████████████████████| 1563/1563 [03:39<00:00,  7.13it/s, train_f1_score=0.56, train_loss=1.23, val_f1_score=0.548, val_loss=1.26], 2025-08-15 10:16:51,062
Epoch 96/100: 100%|██████████████████████████| 1563/1563 [03:38<00:00,  7.17it/s, train_f1_score=0.564, train_loss=1.22, val_f1_score=0.556, val_loss=1.26], 2025-08-15 10:20:29,067
Epoch 97/100: 100%|██████████████████████████| 1563/1563 [03:39<00:00,  7.11it/s, train_f1_score=0.562, train_loss=1.23, val_f1_score=0.557, val_loss=1.26], 2025-08-15 10:24:09,013
Epoch 98/100: 100%|██████████████████████████| 1563/1563 [03:39<00:00,  7.12it/s, train_f1_score=0.565, train_loss=1.22, val_f1_score=0.543, val_loss=1.28], 2025-08-15 10:27:48,591
Epoch 99/100: 100%|██████████████████████████| 1563/1563 [03:40<00:00,  7.10it/s, train_f1_score=0.565, train_loss=1.21, val_f1_score=0.546, val_loss=1.27], 2025-08-15 10:31:28,726
Epoch 100/100: 100%|██████████████████████████| 1563/1563 [03:44<00:00,  6.97it/s, train_f1_score=0.567, train_loss=1.22, val_f1_score=0.56, val_loss=1.24], 2025-08-15 10:35:13,041



 ||  ||  
 \()// 
//(__)\
||    ||
device = cpu
Trainable Parameters = 4970506 / 4970506
Start Training 🧠...
